{"C:\\Users\\jecas\\OneDrive\\Documents\\Programming\\Python\\frontend\\src\\composables\\useAstronomyData.ts": {"path":"C:\\Users\\jecas\\OneDrive\\Documents\\Programming\\Python\\frontend\\src\\composables\\useAstronomyData.ts","statementMap":{"0":{"start":{"line":9,"column":8},"end":{"line":9,"column":null}},"1":{"start":{"line":10,"column":8},"end":{"line":10,"column":null}},"2":{"start":{"line":11,"column":8},"end":{"line":11,"column":null}},"3":{"start":{"line":13,"column":8},"end":{"line":13,"column":null}},"4":{"start":{"line":13,"column":33},"end":{"line":13,"column":52}},"5":{"start":{"line":14,"column":8},"end":{"line":14,"column":null}},"6":{"start":{"line":14,"column":36},"end":{"line":14,"column":73}},"7":{"start":{"line":26,"column":4},"end":{"line":26,"column":null}},"8":{"start":{"line":27,"column":4},"end":{"line":27,"column":null}},"9":{"start":{"line":29,"column":4},"end":{"line":43,"column":null}},"10":{"start":{"line":30,"column":23},"end":{"line":30,"column":null}},"11":{"start":{"line":31,"column":6},"end":{"line":31,"column":null}},"12":{"start":{"line":33,"column":6},"end":{"line":39,"column":null}},"13":{"start":{"line":34,"column":8},"end":{"line":34,"column":null}},"14":{"start":{"line":35,"column":6},"end":{"line":39,"column":null}},"15":{"start":{"line":36,"column":8},"end":{"line":36,"column":null}},"16":{"start":{"line":38,"column":8},"end":{"line":38,"column":null}},"17":{"start":{"line":40,"column":6},"end":{"line":40,"column":null}},"18":{"start":{"line":42,"column":6},"end":{"line":42,"column":null}},"19":{"start":{"line":47,"column":4},"end":{"line":47,"column":null}},"20":{"start":{"line":48,"column":4},"end":{"line":48,"column":null}},"21":{"start":{"line":51,"column":2},"end":{"line":59,"column":null}}},"fnMap":{"0":{"name":"useAstronomyData","decl":{"start":{"line":8,"column":16},"end":{"line":8,"column":35}},"loc":{"start":{"line":8,"column":35},"end":{"line":60,"column":null}},"line":8},"1":{"name":"(anonymous_1)","decl":{"start":{"line":13,"column":27},"end":{"line":13,"column":33}},"loc":{"start":{"line":13,"column":33},"end":{"line":13,"column":52}},"line":13},"2":{"name":"(anonymous_2)","decl":{"start":{"line":14,"column":30},"end":{"line":14,"column":36}},"loc":{"start":{"line":14,"column":36},"end":{"line":14,"column":73}},"line":14},"3":{"name":"fetchBatchObservations","decl":{"start":{"line":16,"column":17},"end":{"line":16,"column":40}},"loc":{"start":{"line":25,"column":5},"end":{"line":44,"column":null}},"line":25},"4":{"name":"clearData","decl":{"start":{"line":46,"column":11},"end":{"line":46,"column":23}},"loc":{"start":{"line":46,"column":23},"end":{"line":49,"column":null}},"line":46}},"branchMap":{"0":{"loc":{"start":{"line":14,"column":36},"end":{"line":14,"column":73}},"type":"binary-expr","locations":[{"start":{"line":14,"column":36},"end":{"line":14,"column":72}},{"start":{"line":14,"column":72},"end":{"line":14,"column":73}}],"line":14},"1":{"loc":{"start":{"line":33,"column":6},"end":{"line":39,"column":null}},"type":"if","locations":[{"start":{"line":33,"column":6},"end":{"line":39,"column":null}},{"start":{"line":35,"column":6},"end":{"line":39,"column":null}}],"line":33},"2":{"loc":{"start":{"line":35,"column":6},"end":{"line":39,"column":null}},"type":"if","locations":[{"start":{"line":35,"column":6},"end":{"line":39,"column":null}},{"start":{"line":37,"column":13},"end":{"line":39,"column":null}}],"line":35}},"s":{"0":7,"1":7,"2":7,"3":7,"4":3,"5":7,"6":4,"7":5,"8":5,"9":5,"10":5,"11":2,"12":3,"13":1,"14":2,"15":1,"16":1,"17":3,"18":5,"19":1,"20":1,"21":7},"f":{"0":7,"1":3,"2":4,"3":5,"4":1},"b":{"0":[4,2],"1":[1,2],"2":[1,1]},"meta":{"lastBranch":3,"lastFunction":5,"lastStatement":22,"seen":{"f:8:16:8:35":0,"s:9:8:9:Infinity":0,"s:10:8:10:Infinity":1,"s:11:8:11:Infinity":2,"s:13:8:13:Infinity":3,"f:13:27:13:33":1,"s:13:33:13:52":4,"s:14:8:14:Infinity":5,"f:14:30:14:36":2,"s:14:36:14:73":6,"b:14:36:14:72:14:72:14:73":0,"f:16:17:16:40":3,"s:26:4:26:Infinity":7,"s:27:4:27:Infinity":8,"s:29:4:43:Infinity":9,"s:30:23:30:Infinity":10,"s:31:6:31:Infinity":11,"b:33:6:39:Infinity:35:6:39:Infinity":1,"s:33:6:39:Infinity":12,"s:34:8:34:Infinity":13,"b:35:6:39:Infinity:37:13:39:Infinity":2,"s:35:6:39:Infinity":14,"s:36:8:36:Infinity":15,"s:38:8:38:Infinity":16,"s:40:6:40:Infinity":17,"s:42:6:42:Infinity":18,"f:46:11:46:23":4,"s:47:4:47:Infinity":19,"s:48:4:48:Infinity":20,"s:51:2:59:Infinity":21}}}
,"C:\\Users\\jecas\\OneDrive\\Documents\\Programming\\Python\\frontend\\src\\services\\api.ts": {"path":"C:\\Users\\jecas\\OneDrive\\Documents\\Programming\\Python\\frontend\\src\\services\\api.ts","statementMap":{"0":{"start":{"line":14,"column":4},"end":{"line":14,"column":null}},"1":{"start":{"line":10,"column":11},"end":{"line":10,"column":null}},"2":{"start":{"line":11,"column":11},"end":{"line":11,"column":null}},"3":{"start":{"line":15,"column":4},"end":{"line":15,"column":null}},"4":{"start":{"line":35,"column":4},"end":{"line":35,"column":null}},"5":{"start":{"line":36,"column":4},"end":{"line":36,"column":null}},"6":{"start":{"line":45,"column":16},"end":{"line":45,"column":null}},"7":{"start":{"line":47,"column":23},"end":{"line":47,"column":null}},"8":{"start":{"line":48,"column":22},"end":{"line":48,"column":null}},"9":{"start":{"line":48,"column":39},"end":{"line":48,"column":59}},"10":{"start":{"line":50,"column":4},"end":{"line":88,"column":null}},"11":{"start":{"line":51,"column":23},"end":{"line":59,"column":null}},"12":{"start":{"line":61,"column":6},"end":{"line":61,"column":null}},"13":{"start":{"line":63,"column":6},"end":{"line":70,"column":null}},"14":{"start":{"line":64,"column":26},"end":{"line":64,"column":null}},"15":{"start":{"line":65,"column":8},"end":{"line":69,"column":null}},"16":{"start":{"line":72,"column":6},"end":{"line":72,"column":null}},"17":{"start":{"line":74,"column":6},"end":{"line":74,"column":null}},"18":{"start":{"line":76,"column":6},"end":{"line":78,"column":null}},"19":{"start":{"line":77,"column":8},"end":{"line":77,"column":null}},"20":{"start":{"line":80,"column":6},"end":{"line":85,"column":null}},"21":{"start":{"line":81,"column":8},"end":{"line":83,"column":null}},"22":{"start":{"line":82,"column":10},"end":{"line":82,"column":null}},"23":{"start":{"line":84,"column":8},"end":{"line":84,"column":null}},"24":{"start":{"line":87,"column":6},"end":{"line":87,"column":null}},"25":{"start":{"line":93,"column":28},"end":{"line":93,"column":null}}},"fnMap":{"0":{"name":"(anonymous_0)","decl":{"start":{"line":9,"column":2},"end":{"line":9,"column":null}},"loc":{"start":{"line":13,"column":4},"end":{"line":16,"column":null}},"line":13},"1":{"name":"(anonymous_1)","decl":{"start":{"line":34,"column":2},"end":{"line":34,"column":16}},"loc":{"start":{"line":34,"column":16},"end":{"line":37,"column":null}},"line":34},"2":{"name":"(anonymous_2)","decl":{"start":{"line":42,"column":8},"end":{"line":42,"column":null}},"loc":{"start":{"line":44,"column":45},"end":{"line":89,"column":null}},"line":44},"3":{"name":"(anonymous_3)","decl":{"start":{"line":48,"column":33},"end":{"line":48,"column":39}},"loc":{"start":{"line":48,"column":39},"end":{"line":48,"column":59}},"line":48}},"branchMap":{"0":{"loc":{"start":{"line":63,"column":6},"end":{"line":70,"column":null}},"type":"if","locations":[{"start":{"line":63,"column":6},"end":{"line":70,"column":null}},{"start":{},"end":{}}],"line":63},"1":{"loc":{"start":{"line":68,"column":10},"end":{"line":68,"column":null}},"type":"binary-expr","locations":[{"start":{"line":68,"column":10},"end":{"line":68,"column":23}},{"start":{"line":68,"column":23},"end":{"line":68,"column":null}}],"line":68},"2":{"loc":{"start":{"line":76,"column":6},"end":{"line":78,"column":null}},"type":"if","locations":[{"start":{"line":76,"column":6},"end":{"line":78,"column":null}},{"start":{},"end":{}}],"line":76},"3":{"loc":{"start":{"line":80,"column":6},"end":{"line":85,"column":null}},"type":"if","locations":[{"start":{"line":80,"column":6},"end":{"line":85,"column":null}},{"start":{},"end":{}}],"line":80},"4":{"loc":{"start":{"line":81,"column":8},"end":{"line":83,"column":null}},"type":"if","locations":[{"start":{"line":81,"column":8},"end":{"line":83,"column":null}},{"start":{},"end":{}}],"line":81}},"s":{"0":3,"1":3,"2":3,"3":3,"4":8,"5":8,"6":6,"7":6,"8":6,"9":1,"10":6,"11":6,"12":4,"13":4,"14":2,"15":2,"16":2,"17":4,"18":4,"19":2,"20":2,"21":2,"22":1,"23":1,"24":0,"25":1},"f":{"0":3,"1":8,"2":6,"3":1},"b":{"0":[2,2],"1":[2,0],"2":[2,2],"3":[2,0],"4":[1,1]},"meta":{"lastBranch":5,"lastFunction":4,"lastStatement":26,"seen":{"f:9:2:9:Infinity":0,"s:14:4:14:Infinity":0,"s:10:11:10:Infinity":1,"s:11:11:11:Infinity":2,"s:15:4:15:Infinity":3,"f:34:2:34:16":1,"s:35:4:35:Infinity":4,"s:36:4:36:Infinity":5,"f:42:8:42:Infinity":2,"s:45:16:45:Infinity":6,"s:47:23:47:Infinity":7,"s:48:22:48:Infinity":8,"f:48:33:48:39":3,"s:48:39:48:59":9,"s:50:4:88:Infinity":10,"s:51:23:59:Infinity":11,"s:61:6:61:Infinity":12,"b:63:6:70:Infinity:undefined:undefined:undefined:undefined":0,"s:63:6:70:Infinity":13,"s:64:26:64:Infinity":14,"s:65:8:69:Infinity":15,"b:68:10:68:23:68:23:68:Infinity":1,"s:72:6:72:Infinity":16,"s:74:6:74:Infinity":17,"b:76:6:78:Infinity:undefined:undefined:undefined:undefined":2,"s:76:6:78:Infinity":18,"s:77:8:77:Infinity":19,"b:80:6:85:Infinity:undefined:undefined:undefined:undefined":3,"s:80:6:85:Infinity":20,"b:81:8:83:Infinity:undefined:undefined:undefined:undefined":4,"s:81:8:83:Infinity":21,"s:82:10:82:Infinity":22,"s:84:8:84:Infinity":23,"s:87:6:87:Infinity":24,"s:93:28:93:Infinity":25}}}
,"C:\\Users\\jecas\\OneDrive\\Documents\\Programming\\Python\\frontend\\src\\services\\config.ts": {"path":"C:\\Users\\jecas\\OneDrive\\Documents\\Programming\\Python\\frontend\\src\\services\\config.ts","statementMap":{"0":{"start":{"line":7,"column":37},"end":{"line":10,"column":null}},"1":{"start":{"line":13,"column":29},"end":{"line":18,"column":null}}},"fnMap":{},"branchMap":{"0":{"loc":{"start":{"line":8,"column":11},"end":{"line":8,"column":null}},"type":"binary-expr","locations":[{"start":{"line":8,"column":11},"end":{"line":8,"column":48}},{"start":{"line":8,"column":48},"end":{"line":8,"column":null}}],"line":8}},"s":{"0":1,"1":1},"f":{},"b":{"0":[1,0]},"meta":{"lastBranch":1,"lastFunction":0,"lastStatement":2,"seen":{"s:7:37:10:Infinity":0,"b:8:11:8:48:8:48:8:Infinity":0,"s:13:29:18:Infinity":1}}}
,"C:\\Users\\jecas\\OneDrive\\Documents\\Programming\\Python\\frontend\\src\\three\\scene.ts": {"path":"C:\\Users\\jecas\\OneDrive\\Documents\\Programming\\Python\\frontend\\src\\three\\scene.ts","statementMap":{"0":{"start":{"line":13,"column":39},"end":{"line":13,"column":null}},"1":{"start":{"line":15,"column":42},"end":{"line":15,"column":null}},"2":{"start":{"line":19,"column":4},"end":{"line":19,"column":null}},"3":{"start":{"line":20,"column":4},"end":{"line":20,"column":null}},"4":{"start":{"line":23,"column":4},"end":{"line":28,"column":null}},"5":{"start":{"line":29,"column":4},"end":{"line":29,"column":null}},"6":{"start":{"line":32,"column":4},"end":{"line":35,"column":null}},"7":{"start":{"line":36,"column":4},"end":{"line":36,"column":null}},"8":{"start":{"line":37,"column":4},"end":{"line":37,"column":null}},"9":{"start":{"line":40,"column":4},"end":{"line":40,"column":null}},"10":{"start":{"line":41,"column":4},"end":{"line":41,"column":null}},"11":{"start":{"line":42,"column":4},"end":{"line":42,"column":null}},"12":{"start":{"line":43,"column":4},"end":{"line":43,"column":null}},"13":{"start":{"line":44,"column":4},"end":{"line":44,"column":null}},"14":{"start":{"line":47,"column":4},"end":{"line":47,"column":null}},"15":{"start":{"line":50,"column":4},"end":{"line":50,"column":null}},"16":{"start":{"line":55,"column":25},"end":{"line":55,"column":null}},"17":{"start":{"line":56,"column":4},"end":{"line":56,"column":null}},"18":{"start":{"line":59,"column":21},"end":{"line":59,"column":null}},"19":{"start":{"line":60,"column":4},"end":{"line":60,"column":null}},"20":{"start":{"line":61,"column":4},"end":{"line":61,"column":null}},"21":{"start":{"line":62,"column":4},"end":{"line":62,"column":null}},"22":{"start":{"line":66,"column":19},"end":{"line":66,"column":null}},"23":{"start":{"line":67,"column":4},"end":{"line":67,"column":null}},"24":{"start":{"line":68,"column":4},"end":{"line":68,"column":null}},"25":{"start":{"line":69,"column":4},"end":{"line":69,"column":null}},"26":{"start":{"line":73,"column":4},"end":{"line":73,"column":null}},"27":{"start":{"line":74,"column":4},"end":{"line":74,"column":null}},"28":{"start":{"line":78,"column":4},"end":{"line":81,"column":null}},"29":{"start":{"line":79,"column":6},"end":{"line":79,"column":null}},"30":{"start":{"line":80,"column":6},"end":{"line":80,"column":null}},"31":{"start":{"line":85,"column":4},"end":{"line":85,"column":null}},"32":{"start":{"line":88,"column":4},"end":{"line":88,"column":null}},"33":{"start":{"line":91,"column":4},"end":{"line":93,"column":null}},"34":{"start":{"line":92,"column":6},"end":{"line":92,"column":null}},"35":{"start":{"line":96,"column":4},"end":{"line":96,"column":null}},"36":{"start":{"line":100,"column":4},"end":{"line":100,"column":null}},"37":{"start":{"line":102,"column":4},"end":{"line":117,"column":null}},"38":{"start":{"line":104,"column":6},"end":{"line":104,"column":null}},"39":{"start":{"line":105,"column":6},"end":{"line":105,"column":null}},"40":{"start":{"line":106,"column":6},"end":{"line":106,"column":null}},"41":{"start":{"line":107,"column":6},"end":{"line":107,"column":null}},"42":{"start":{"line":108,"column":6},"end":{"line":108,"column":null}},"43":{"start":{"line":111,"column":6},"end":{"line":111,"column":null}},"44":{"start":{"line":112,"column":6},"end":{"line":112,"column":null}},"45":{"start":{"line":113,"column":6},"end":{"line":113,"column":null}},"46":{"start":{"line":114,"column":6},"end":{"line":114,"column":null}},"47":{"start":{"line":115,"column":6},"end":{"line":115,"column":null}},"48":{"start":{"line":116,"column":6},"end":{"line":116,"column":null}},"49":{"start":{"line":119,"column":4},"end":{"line":119,"column":null}},"50":{"start":{"line":123,"column":4},"end":{"line":123,"column":null}},"51":{"start":{"line":127,"column":4},"end":{"line":127,"column":null}},"52":{"start":{"line":128,"column":4},"end":{"line":128,"column":null}},"53":{"start":{"line":129,"column":4},"end":{"line":129,"column":null}},"54":{"start":{"line":130,"column":4},"end":{"line":130,"column":null}}},"fnMap":{"0":{"name":"(anonymous_0)","decl":{"start":{"line":17,"column":2},"end":{"line":17,"column":14}},"loc":{"start":{"line":17,"column":41},"end":{"line":51,"column":null}},"line":17},"1":{"name":"(anonymous_1)","decl":{"start":{"line":53,"column":10},"end":{"line":53,"column":32}},"loc":{"start":{"line":53,"column":32},"end":{"line":63,"column":null}},"line":53},"2":{"name":"(anonymous_2)","decl":{"start":{"line":65,"column":10},"end":{"line":65,"column":33}},"loc":{"start":{"line":65,"column":33},"end":{"line":70,"column":null}},"line":65},"3":{"name":"(anonymous_3)","decl":{"start":{"line":72,"column":9},"end":{"line":72,"column":24}},"loc":{"start":{"line":72,"column":53},"end":{"line":75,"column":null}},"line":72},"4":{"name":"(anonymous_4)","decl":{"start":{"line":77,"column":9},"end":{"line":77,"column":31}},"loc":{"start":{"line":77,"column":31},"end":{"line":82,"column":null}},"line":77},"5":{"name":"(anonymous_5)","decl":{"start":{"line":84,"column":10},"end":{"line":84,"column":26}},"loc":{"start":{"line":84,"column":26},"end":{"line":97,"column":null}},"line":84},"6":{"name":"(anonymous_6)","decl":{"start":{"line":99,"column":9},"end":{"line":99,"column":21}},"loc":{"start":{"line":99,"column":47},"end":{"line":120,"column":null}},"line":99},"7":{"name":"(anonymous_7)","decl":{"start":{"line":122,"column":9},"end":{"line":122,"column":37}},"loc":{"start":{"line":122,"column":37},"end":{"line":124,"column":null}},"line":122},"8":{"name":"(anonymous_8)","decl":{"start":{"line":126,"column":9},"end":{"line":126,"column":25}},"loc":{"start":{"line":126,"column":25},"end":{"line":131,"column":null}},"line":126}},"branchMap":{"0":{"loc":{"start":{"line":78,"column":4},"end":{"line":81,"column":null}},"type":"if","locations":[{"start":{"line":78,"column":4},"end":{"line":81,"column":null}},{"start":{},"end":{}}],"line":78},"1":{"loc":{"start":{"line":91,"column":4},"end":{"line":93,"column":null}},"type":"if","locations":[{"start":{"line":91,"column":4},"end":{"line":93,"column":null}},{"start":{},"end":{}}],"line":91},"2":{"loc":{"start":{"line":102,"column":4},"end":{"line":117,"column":null}},"type":"if","locations":[{"start":{"line":102,"column":4},"end":{"line":117,"column":null}},{"start":{"line":109,"column":11},"end":{"line":117,"column":null}}],"line":102}},"s":{"0":0,"1":0,"2":0,"3":0,"4":0,"5":0,"6":0,"7":0,"8":0,"9":0,"10":0,"11":0,"12":0,"13":0,"14":0,"15":0,"16":0,"17":0,"18":0,"19":0,"20":0,"21":0,"22":0,"23":0,"24":0,"25":0,"26":0,"27":0,"28":0,"29":0,"30":0,"31":0,"32":0,"33":0,"34":0,"35":0,"36":0,"37":0,"38":0,"39":0,"40":0,"41":0,"42":0,"43":0,"44":0,"45":0,"46":0,"47":0,"48":0,"49":0,"50":0,"51":0,"52":0,"53":0,"54":0},"f":{"0":0,"1":0,"2":0,"3":0,"4":0,"5":0,"6":0,"7":0,"8":0},"b":{"0":[0,0],"1":[0,0],"2":[0,0]},"meta":{"lastBranch":3,"lastFunction":9,"lastStatement":55,"seen":{"s:13:39:13:Infinity":0,"s:15:42:15:Infinity":1,"f:17:2:17:14":0,"s:19:4:19:Infinity":2,"s:20:4:20:Infinity":3,"s:23:4:28:Infinity":4,"s:29:4:29:Infinity":5,"s:32:4:35:Infinity":6,"s:36:4:36:Infinity":7,"s:37:4:37:Infinity":8,"s:40:4:40:Infinity":9,"s:41:4:41:Infinity":10,"s:42:4:42:Infinity":11,"s:43:4:43:Infinity":12,"s:44:4:44:Infinity":13,"s:47:4:47:Infinity":14,"s:50:4:50:Infinity":15,"f:53:10:53:32":1,"s:55:25:55:Infinity":16,"s:56:4:56:Infinity":17,"s:59:21:59:Infinity":18,"s:60:4:60:Infinity":19,"s:61:4:61:Infinity":20,"s:62:4:62:Infinity":21,"f:65:10:65:33":2,"s:66:19:66:Infinity":22,"s:67:4:67:Infinity":23,"s:68:4:68:Infinity":24,"s:69:4:69:Infinity":25,"f:72:9:72:24":3,"s:73:4:73:Infinity":26,"s:74:4:74:Infinity":27,"f:77:9:77:31":4,"b:78:4:81:Infinity:undefined:undefined:undefined:undefined":0,"s:78:4:81:Infinity":28,"s:79:6:79:Infinity":29,"s:80:6:80:Infinity":30,"f:84:10:84:26":5,"s:85:4:85:Infinity":31,"s:88:4:88:Infinity":32,"b:91:4:93:Infinity:undefined:undefined:undefined:undefined":1,"s:91:4:93:Infinity":33,"s:92:6:92:Infinity":34,"s:96:4:96:Infinity":35,"f:99:9:99:21":6,"s:100:4:100:Infinity":36,"b:102:4:117:Infinity:109:11:117:Infinity":2,"s:102:4:117:Infinity":37,"s:104:6:104:Infinity":38,"s:105:6:105:Infinity":39,"s:106:6:106:Infinity":40,"s:107:6:107:Infinity":41,"s:108:6:108:Infinity":42,"s:111:6:111:Infinity":43,"s:112:6:112:Infinity":44,"s:113:6:113:Infinity":45,"s:114:6:114:Infinity":46,"s:115:6:115:Infinity":47,"s:116:6:116:Infinity":48,"s:119:4:119:Infinity":49,"f:122:9:122:37":7,"s:123:4:123:Infinity":50,"f:126:9:126:25":8,"s:127:4:127:Infinity":51,"s:128:4:128:Infinity":52,"s:129:4:129:Infinity":53,"s:130:4:130:Infinity":54}}}
,"C:\\Users\\jecas\\OneDrive\\Documents\\Programming\\Python\\frontend\\src\\three\\objects\\Earth.ts": {"path":"C:\\Users\\jecas\\OneDrive\\Documents\\Programming\\Python\\frontend\\src\\three\\objects\\Earth.ts","statementMap":{"0":{"start":{"line":14,"column":21},"end":{"line":14,"column":null}},"1":{"start":{"line":15,"column":21},"end":{"line":19,"column":null}},"2":{"start":{"line":21,"column":4},"end":{"line":21,"column":null}},"3":{"start":{"line":22,"column":4},"end":{"line":22,"column":null}},"4":{"start":{"line":25,"column":4},"end":{"line":25,"column":null}},"5":{"start":{"line":26,"column":4},"end":{"line":26,"column":null}},"6":{"start":{"line":29,"column":4},"end":{"line":29,"column":null}},"7":{"start":{"line":32,"column":4},"end":{"line":32,"column":null}},"8":{"start":{"line":33,"column":4},"end":{"line":33,"column":null}},"9":{"start":{"line":37,"column":18},"end":{"line":37,"column":null}},"10":{"start":{"line":38,"column":19},"end":{"line":38,"column":null}},"11":{"start":{"line":39,"column":21},"end":{"line":39,"column":null}},"12":{"start":{"line":42,"column":4},"end":{"line":54,"column":null}},"13":{"start":{"line":42,"column":19},"end":{"line":42,"column":22}},"14":{"start":{"line":43,"column":16},"end":{"line":43,"column":null}},"15":{"start":{"line":44,"column":16},"end":{"line":44,"column":null}},"16":{"start":{"line":46,"column":20},"end":{"line":46,"column":null}},"17":{"start":{"line":47,"column":21},"end":{"line":47,"column":null}},"18":{"start":{"line":48,"column":23},"end":{"line":48,"column":null}},"19":{"start":{"line":49,"column":23},"end":{"line":49,"column":null}},"20":{"start":{"line":50,"column":21},"end":{"line":50,"column":null}},"21":{"start":{"line":51,"column":6},"end":{"line":51,"column":null}},"22":{"start":{"line":52,"column":6},"end":{"line":52,"column":null}},"23":{"start":{"line":53,"column":6},"end":{"line":53,"column":null}},"24":{"start":{"line":57,"column":4},"end":{"line":74,"column":null}},"25":{"start":{"line":57,"column":18},"end":{"line":57,"column":21}},"26":{"start":{"line":58,"column":20},"end":{"line":58,"column":null}},"27":{"start":{"line":59,"column":21},"end":{"line":59,"column":null}},"28":{"start":{"line":60,"column":6},"end":{"line":69,"column":null}},"29":{"start":{"line":60,"column":21},"end":{"line":60,"column":24}},"30":{"start":{"line":61,"column":14},"end":{"line":61,"column":null}},"31":{"start":{"line":62,"column":18},"end":{"line":62,"column":null}},"32":{"start":{"line":63,"column":18},"end":{"line":63,"column":null}},"33":{"start":{"line":64,"column":8},"end":{"line":68,"column":null}},"34":{"start":{"line":70,"column":23},"end":{"line":70,"column":null}},"35":{"start":{"line":71,"column":23},"end":{"line":71,"column":null}},"36":{"start":{"line":72,"column":19},"end":{"line":72,"column":null}},"37":{"start":{"line":73,"column":6},"end":{"line":73,"column":null}},"38":{"start":{"line":77,"column":25},"end":{"line":77,"column":null}},"39":{"start":{"line":78,"column":26},"end":{"line":78,"column":null}},"40":{"start":{"line":79,"column":28},"end":{"line":79,"column":null}},"41":{"start":{"line":80,"column":28},"end":{"line":80,"column":null}},"42":{"start":{"line":81,"column":20},"end":{"line":81,"column":null}},"43":{"start":{"line":82,"column":4},"end":{"line":82,"column":null}},"44":{"start":{"line":83,"column":4},"end":{"line":83,"column":null}},"45":{"start":{"line":85,"column":4},"end":{"line":85,"column":null}},"46":{"start":{"line":89,"column":4},"end":{"line":99,"column":null}},"47":{"start":{"line":90,"column":6},"end":{"line":90,"column":null}},"48":{"start":{"line":91,"column":6},"end":{"line":91,"column":null}},"49":{"start":{"line":92,"column":6},"end":{"line":92,"column":null}},"50":{"start":{"line":93,"column":6},"end":{"line":93,"column":null}},"51":{"start":{"line":95,"column":6},"end":{"line":95,"column":null}},"52":{"start":{"line":96,"column":6},"end":{"line":96,"column":null}},"53":{"start":{"line":97,"column":6},"end":{"line":97,"column":null}},"54":{"start":{"line":98,"column":6},"end":{"line":98,"column":null}},"55":{"start":{"line":103,"column":4},"end":{"line":103,"column":null}},"56":{"start":{"line":104,"column":4},"end":{"line":104,"column":null}},"57":{"start":{"line":105,"column":4},"end":{"line":105,"column":null}},"58":{"start":{"line":106,"column":4},"end":{"line":106,"column":null}},"59":{"start":{"line":110,"column":4},"end":{"line":110,"column":null}},"60":{"start":{"line":111,"column":4},"end":{"line":111,"column":null}},"61":{"start":{"line":112,"column":4},"end":{"line":112,"column":null}},"62":{"start":{"line":113,"column":4},"end":{"line":113,"column":null}}},"fnMap":{"0":{"name":"(anonymous_0)","decl":{"start":{"line":12,"column":2},"end":{"line":12,"column":16}},"loc":{"start":{"line":12,"column":16},"end":{"line":34,"column":null}},"line":12},"1":{"name":"(anonymous_1)","decl":{"start":{"line":36,"column":10},"end":{"line":36,"column":46}},"loc":{"start":{"line":36,"column":46},"end":{"line":86,"column":null}},"line":36},"2":{"name":"(anonymous_2)","decl":{"start":{"line":88,"column":9},"end":{"line":88,"column":21}},"loc":{"start":{"line":88,"column":47},"end":{"line":100,"column":null}},"line":88},"3":{"name":"(anonymous_3)","decl":{"start":{"line":102,"column":9},"end":{"line":102,"column":20}},"loc":{"start":{"line":102,"column":46},"end":{"line":107,"column":null}},"line":102},"4":{"name":"(anonymous_4)","decl":{"start":{"line":109,"column":9},"end":{"line":109,"column":25}},"loc":{"start":{"line":109,"column":51},"end":{"line":114,"column":null}},"line":109}},"branchMap":{"0":{"loc":{"start":{"line":89,"column":4},"end":{"line":99,"column":null}},"type":"if","locations":[{"start":{"line":89,"column":4},"end":{"line":99,"column":null}},{"start":{"line":94,"column":11},"end":{"line":99,"column":null}}],"line":89}},"s":{"0":21,"1":21,"2":21,"3":21,"4":21,"5":21,"6":21,"7":21,"8":21,"9":21,"10":21,"11":21,"12":21,"13":21,"14":147,"15":147,"16":147,"17":147,"18":147,"19":147,"20":147,"21":147,"22":147,"23":147,"24":21,"25":21,"26":252,"27":252,"28":252,"29":252,"30":4788,"31":4788,"32":4788,"33":4788,"34":252,"35":252,"36":252,"37":252,"38":21,"39":21,"40":21,"41":21,"42":21,"43":21,"44":21,"45":21,"46":4,"47":2,"48":2,"49":2,"50":2,"51":2,"52":2,"53":2,"54":2,"55":4,"56":4,"57":4,"58":4,"59":2,"60":2,"61":2,"62":2},"f":{"0":21,"1":21,"2":4,"3":4,"4":2},"b":{"0":[2,2]},"meta":{"lastBranch":1,"lastFunction":5,"lastStatement":63,"seen":{"f:12:2:12:16":0,"s:14:21:14:Infinity":0,"s:15:21:19:Infinity":1,"s:21:4:21:Infinity":2,"s:22:4:22:Infinity":3,"s:25:4:25:Infinity":4,"s:26:4:26:Infinity":5,"s:29:4:29:Infinity":6,"s:32:4:32:Infinity":7,"s:33:4:33:Infinity":8,"f:36:10:36:46":1,"s:37:18:37:Infinity":9,"s:38:19:38:Infinity":10,"s:39:21:39:Infinity":11,"s:42:4:54:Infinity":12,"s:42:19:42:22":13,"s:43:16:43:Infinity":14,"s:44:16:44:Infinity":15,"s:46:20:46:Infinity":16,"s:47:21:47:Infinity":17,"s:48:23:48:Infinity":18,"s:49:23:49:Infinity":19,"s:50:21:50:Infinity":20,"s:51:6:51:Infinity":21,"s:52:6:52:Infinity":22,"s:53:6:53:Infinity":23,"s:57:4:74:Infinity":24,"s:57:18:57:21":25,"s:58:20:58:Infinity":26,"s:59:21:59:Infinity":27,"s:60:6:69:Infinity":28,"s:60:21:60:24":29,"s:61:14:61:Infinity":30,"s:62:18:62:Infinity":31,"s:63:18:63:Infinity":32,"s:64:8:68:Infinity":33,"s:70:23:70:Infinity":34,"s:71:23:71:Infinity":35,"s:72:19:72:Infinity":36,"s:73:6:73:Infinity":37,"s:77:25:77:Infinity":38,"s:78:26:78:Infinity":39,"s:79:28:79:Infinity":40,"s:80:28:80:Infinity":41,"s:81:20:81:Infinity":42,"s:82:4:82:Infinity":43,"s:83:4:83:Infinity":44,"s:85:4:85:Infinity":45,"f:88:9:88:21":2,"b:89:4:99:Infinity:94:11:99:Infinity":0,"s:89:4:99:Infinity":46,"s:90:6:90:Infinity":47,"s:91:6:91:Infinity":48,"s:92:6:92:Infinity":49,"s:93:6:93:Infinity":50,"s:95:6:95:Infinity":51,"s:96:6:96:Infinity":52,"s:97:6:97:Infinity":53,"s:98:6:98:Infinity":54,"f:102:9:102:20":3,"s:103:4:103:Infinity":55,"s:104:4:104:Infinity":56,"s:105:4:105:Infinity":57,"s:106:4:106:Infinity":58,"f:109:9:109:25":4,"s:110:4:110:Infinity":59,"s:111:4:111:Infinity":60,"s:112:4:112:Infinity":61,"s:113:4:113:Infinity":62}}}
,"C:\\Users\\jecas\\OneDrive\\Documents\\Programming\\Python\\frontend\\src\\three\\objects\\Moon.ts": {"path":"C:\\Users\\jecas\\OneDrive\\Documents\\Programming\\Python\\frontend\\src\\three\\objects\\Moon.ts","statementMap":{"0":{"start":{"line":11,"column":21},"end":{"line":11,"column":null}},"1":{"start":{"line":12,"column":21},"end":{"line":16,"column":null}},"2":{"start":{"line":18,"column":4},"end":{"line":18,"column":null}},"3":{"start":{"line":19,"column":4},"end":{"line":19,"column":null}},"4":{"start":{"line":28,"column":23},"end":{"line":28,"column":null}},"5":{"start":{"line":29,"column":24},"end":{"line":29,"column":null}},"6":{"start":{"line":31,"column":4},"end":{"line":55,"column":null}},"7":{"start":{"line":33,"column":23},"end":{"line":33,"column":null}},"8":{"start":{"line":34,"column":6},"end":{"line":34,"column":null}},"9":{"start":{"line":35,"column":6},"end":{"line":35,"column":null}},"10":{"start":{"line":36,"column":6},"end":{"line":36,"column":null}},"11":{"start":{"line":39,"column":21},"end":{"line":39,"column":null}},"12":{"start":{"line":41,"column":6},"end":{"line":54,"column":null}},"13":{"start":{"line":43,"column":8},"end":{"line":43,"column":null}},"14":{"start":{"line":44,"column":8},"end":{"line":44,"column":null}},"15":{"start":{"line":45,"column":8},"end":{"line":45,"column":null}},"16":{"start":{"line":48,"column":29},"end":{"line":48,"column":null}},"17":{"start":{"line":49,"column":35},"end":{"line":49,"column":null}},"18":{"start":{"line":51,"column":8},"end":{"line":51,"column":null}},"19":{"start":{"line":52,"column":8},"end":{"line":52,"column":null}},"20":{"start":{"line":53,"column":8},"end":{"line":53,"column":null}},"21":{"start":{"line":58,"column":4},"end":{"line":58,"column":null}},"22":{"start":{"line":66,"column":21},"end":{"line":66,"column":null}},"23":{"start":{"line":67,"column":4},"end":{"line":67,"column":null}},"24":{"start":{"line":68,"column":4},"end":{"line":68,"column":null}},"25":{"start":{"line":72,"column":4},"end":{"line":72,"column":null}},"26":{"start":{"line":76,"column":4},"end":{"line":76,"column":null}}},"fnMap":{"0":{"name":"(anonymous_0)","decl":{"start":{"line":9,"column":2},"end":{"line":9,"column":16}},"loc":{"start":{"line":9,"column":16},"end":{"line":20,"column":null}},"line":9},"1":{"name":"(anonymous_1)","decl":{"start":{"line":26,"column":9},"end":{"line":26,"column":24}},"loc":{"start":{"line":26,"column":123},"end":{"line":59,"column":null}},"line":26},"2":{"name":"(anonymous_2)","decl":{"start":{"line":64,"column":9},"end":{"line":64,"column":21}},"loc":{"start":{"line":64,"column":49},"end":{"line":69,"column":null}},"line":64},"3":{"name":"(anonymous_3)","decl":{"start":{"line":71,"column":9},"end":{"line":71,"column":20}},"loc":{"start":{"line":71,"column":46},"end":{"line":73,"column":null}},"line":71},"4":{"name":"(anonymous_4)","decl":{"start":{"line":75,"column":9},"end":{"line":75,"column":25}},"loc":{"start":{"line":75,"column":51},"end":{"line":77,"column":null}},"line":75}},"branchMap":{"0":{"loc":{"start":{"line":26,"column":59},"end":{"line":26,"column":86}},"type":"default-arg","locations":[{"start":{"line":26,"column":80},"end":{"line":26,"column":86}}],"line":26},"1":{"loc":{"start":{"line":26,"column":86},"end":{"line":26,"column":123}},"type":"default-arg","locations":[{"start":{"line":26,"column":111},"end":{"line":26,"column":123}}],"line":26},"2":{"loc":{"start":{"line":31,"column":4},"end":{"line":55,"column":null}},"type":"if","locations":[{"start":{"line":31,"column":4},"end":{"line":55,"column":null}},{"start":{"line":37,"column":11},"end":{"line":55,"column":null}}],"line":31},"3":{"loc":{"start":{"line":41,"column":6},"end":{"line":54,"column":null}},"type":"if","locations":[{"start":{"line":41,"column":6},"end":{"line":54,"column":null}},{"start":{"line":46,"column":13},"end":{"line":54,"column":null}}],"line":41}},"s":{"0":21,"1":21,"2":21,"3":21,"4":10,"5":10,"6":10,"7":6,"8":6,"9":6,"10":6,"11":4,"12":4,"13":1,"14":1,"15":1,"16":3,"17":3,"18":3,"19":3,"20":3,"21":10,"22":8,"23":8,"24":8,"25":2,"26":1},"f":{"0":21,"1":10,"2":8,"3":2,"4":1},"b":{"0":[10],"1":[10],"2":[6,4],"3":[1,3]},"meta":{"lastBranch":4,"lastFunction":5,"lastStatement":27,"seen":{"f:9:2:9:16":0,"s:11:21:11:Infinity":0,"s:12:21:16:Infinity":1,"s:18:4:18:Infinity":2,"s:19:4:19:Infinity":3,"f:26:9:26:24":1,"b:26:80:26:86":0,"b:26:111:26:123":1,"s:28:23:28:Infinity":4,"s:29:24:29:Infinity":5,"b:31:4:55:Infinity:37:11:55:Infinity":2,"s:31:4:55:Infinity":6,"s:33:23:33:Infinity":7,"s:34:6:34:Infinity":8,"s:35:6:35:Infinity":9,"s:36:6:36:Infinity":10,"s:39:21:39:Infinity":11,"b:41:6:54:Infinity:46:13:54:Infinity":3,"s:41:6:54:Infinity":12,"s:43:8:43:Infinity":13,"s:44:8:44:Infinity":14,"s:45:8:45:Infinity":15,"s:48:29:48:Infinity":16,"s:49:35:49:Infinity":17,"s:51:8:51:Infinity":18,"s:52:8:52:Infinity":19,"s:53:8:53:Infinity":20,"s:58:4:58:Infinity":21,"f:64:9:64:21":2,"s:66:21:66:Infinity":22,"s:67:4:67:Infinity":23,"s:68:4:68:Infinity":24,"f:71:9:71:20":3,"s:72:4:72:Infinity":25,"f:75:9:75:25":4,"s:76:4:76:Infinity":26}}}
,"C:\\Users\\jecas\\OneDrive\\Documents\\Programming\\Python\\frontend\\src\\three\\objects\\Sun.ts": {"path":"C:\\Users\\jecas\\OneDrive\\Documents\\Programming\\Python\\frontend\\src\\three\\objects\\Sun.ts","statementMap":{"0":{"start":{"line":12,"column":21},"end":{"line":12,"column":null}},"1":{"start":{"line":13,"column":21},"end":{"line":15,"column":null}},"2":{"start":{"line":17,"column":4},"end":{"line":17,"column":null}},"3":{"start":{"line":18,"column":4},"end":{"line":18,"column":null}},"4":{"start":{"line":21,"column":4},"end":{"line":21,"column":null}},"5":{"start":{"line":22,"column":4},"end":{"line":22,"column":null}},"6":{"start":{"line":34,"column":23},"end":{"line":34,"column":null}},"7":{"start":{"line":35,"column":24},"end":{"line":35,"column":null}},"8":{"start":{"line":37,"column":4},"end":{"line":62,"column":null}},"9":{"start":{"line":39,"column":23},"end":{"line":39,"column":null}},"10":{"start":{"line":40,"column":6},"end":{"line":40,"column":null}},"11":{"start":{"line":41,"column":6},"end":{"line":41,"column":null}},"12":{"start":{"line":42,"column":6},"end":{"line":42,"column":null}},"13":{"start":{"line":45,"column":21},"end":{"line":45,"column":null}},"14":{"start":{"line":47,"column":6},"end":{"line":61,"column":null}},"15":{"start":{"line":49,"column":8},"end":{"line":49,"column":null}},"16":{"start":{"line":50,"column":8},"end":{"line":50,"column":null}},"17":{"start":{"line":51,"column":8},"end":{"line":51,"column":null}},"18":{"start":{"line":55,"column":29},"end":{"line":55,"column":null}},"19":{"start":{"line":56,"column":35},"end":{"line":56,"column":null}},"20":{"start":{"line":58,"column":8},"end":{"line":58,"column":null}},"21":{"start":{"line":59,"column":8},"end":{"line":59,"column":null}},"22":{"start":{"line":60,"column":8},"end":{"line":60,"column":null}},"23":{"start":{"line":65,"column":4},"end":{"line":65,"column":null}},"24":{"start":{"line":66,"column":4},"end":{"line":66,"column":null}},"25":{"start":{"line":70,"column":4},"end":{"line":70,"column":null}},"26":{"start":{"line":74,"column":4},"end":{"line":74,"column":null}}},"fnMap":{"0":{"name":"(anonymous_0)","decl":{"start":{"line":10,"column":2},"end":{"line":10,"column":16}},"loc":{"start":{"line":10,"column":16},"end":{"line":23,"column":null}},"line":10},"1":{"name":"(anonymous_1)","decl":{"start":{"line":29,"column":9},"end":{"line":29,"column":24}},"loc":{"start":{"line":29,"column":123},"end":{"line":67,"column":null}},"line":29},"2":{"name":"(anonymous_2)","decl":{"start":{"line":69,"column":9},"end":{"line":69,"column":20}},"loc":{"start":{"line":69,"column":46},"end":{"line":71,"column":null}},"line":69},"3":{"name":"(anonymous_3)","decl":{"start":{"line":73,"column":9},"end":{"line":73,"column":25}},"loc":{"start":{"line":73,"column":51},"end":{"line":75,"column":null}},"line":73}},"branchMap":{"0":{"loc":{"start":{"line":29,"column":59},"end":{"line":29,"column":86}},"type":"default-arg","locations":[{"start":{"line":29,"column":80},"end":{"line":29,"column":86}}],"line":29},"1":{"loc":{"start":{"line":29,"column":86},"end":{"line":29,"column":123}},"type":"default-arg","locations":[{"start":{"line":29,"column":111},"end":{"line":29,"column":123}}],"line":29},"2":{"loc":{"start":{"line":37,"column":4},"end":{"line":62,"column":null}},"type":"if","locations":[{"start":{"line":37,"column":4},"end":{"line":62,"column":null}},{"start":{"line":43,"column":11},"end":{"line":62,"column":null}}],"line":37},"3":{"loc":{"start":{"line":47,"column":6},"end":{"line":61,"column":null}},"type":"if","locations":[{"start":{"line":47,"column":6},"end":{"line":61,"column":null}},{"start":{"line":52,"column":13},"end":{"line":61,"column":null}}],"line":47}},"s":{"0":21,"1":21,"2":21,"3":21,"4":21,"5":21,"6":17,"7":17,"8":17,"9":10,"10":10,"11":10,"12":10,"13":7,"14":7,"15":1,"16":1,"17":1,"18":6,"19":6,"20":6,"21":6,"22":6,"23":17,"24":17,"25":2,"26":1},"f":{"0":21,"1":17,"2":2,"3":1},"b":{"0":[17],"1":[17],"2":[10,7],"3":[1,6]},"meta":{"lastBranch":4,"lastFunction":4,"lastStatement":27,"seen":{"f:10:2:10:16":0,"s:12:21:12:Infinity":0,"s:13:21:15:Infinity":1,"s:17:4:17:Infinity":2,"s:18:4:18:Infinity":3,"s:21:4:21:Infinity":4,"s:22:4:22:Infinity":5,"f:29:9:29:24":1,"b:29:80:29:86":0,"b:29:111:29:123":1,"s:34:23:34:Infinity":6,"s:35:24:35:Infinity":7,"b:37:4:62:Infinity:43:11:62:Infinity":2,"s:37:4:62:Infinity":8,"s:39:23:39:Infinity":9,"s:40:6:40:Infinity":10,"s:41:6:41:Infinity":11,"s:42:6:42:Infinity":12,"s:45:21:45:Infinity":13,"b:47:6:61:Infinity:52:13:61:Infinity":3,"s:47:6:61:Infinity":14,"s:49:8:49:Infinity":15,"s:50:8:50:Infinity":16,"s:51:8:51:Infinity":17,"s:55:29:55:Infinity":18,"s:56:35:56:Infinity":19,"s:58:8:58:Infinity":20,"s:59:8:59:Infinity":21,"s:60:8:60:Infinity":22,"s:65:4:65:Infinity":23,"s:66:4:66:Infinity":24,"f:69:9:69:20":2,"s:70:4:70:Infinity":25,"f:73:9:73:25":3,"s:74:4:74:Infinity":26}}}
}
